Active-HDL 10.3.3558.6081  2018-02-18 19:31:33

Elaboration top modules:
Verilog Module                Parallel2CSI2_tb


----------------------------------------------------------------------------------------------------------
Verilog Module                    | Library     | Info | Compiler Version          | Compilation Options
----------------------------------------------------------------------------------------------------------
Parallel2CSI2_tb                  | work        |      | 10.3.3558.6081  (Windows) | -dbg
GSR                               | ovi_machxo2 |      | 10.3.3558.6081  (Windows) | -vendor lattice -v2k
PUR                               | ovi_machxo2 |      | 10.3.3558.6081  (Windows) | -vendor lattice -v2k
top                               | work        |      | 10.3.3558.6081  (Windows) | -dbg
colorbar_gen                      | work        |      | 10.3.3558.6081  (Windows) | -dbg
BYTE_PACKETIZER                   | work        |      | 10.3.3558.6081  (Windows) | -dbg
LP_HS_DELAY_CNTRL                 | work        |      | 10.3.3558.6081  (Windows) | -dbg
DPHY_TX_INST                      | work        |      | 10.3.3558.6081  (Windows) | -dbg
pll_pix2byte_YUV422_8bit_1lane    | work        |      | 10.3.3558.6081  (Windows) | -dbg
VLO                               | ovi_machxo2 |      | 10.3.3558.6081  (Windows) | -vendor lattice -v2k
EHXPLLJ                           | ovi_machxo2 |      | 10.3.3558.6081  (Windows) | -vendor lattice -v2k
OSCH                              | ovi_machxo2 |      | 10.3.3558.6081  (Windows) | -vendor lattice -v2k
parallel2byte                     | work        |      | 10.3.3558.6081  (Windows) | -dbg
packetheader                      | work        |      | 10.3.3558.6081  (Windows) | -dbg
crc16_1lane                       | work        |      | 10.3.3558.6081  (Windows) | -dbg
slice_0a                          | work        |      | 10.3.3558.6081  (Windows) | -dbg
SLICE1a                           | work        |      | 10.3.3558.6081  (Windows) | -dbg
SLICE2a                           | work        |      | 10.3.3558.6081  (Windows) | -dbg
SLICE3a                           | work        |      | 10.3.3558.6081  (Windows) | -dbg
SLICE4a                           | work        |      | 10.3.3558.6081  (Windows) | -dbg
SLICE5a                           | work        |      | 10.3.3558.6081  (Windows) | -dbg
SLICE6a                           | work        |      | 10.3.3558.6081  (Windows) | -dbg
SLICE7a                           | work        |      | 10.3.3558.6081  (Windows) | -dbg
SLICE8a                           | work        |      | 10.3.3558.6081  (Windows) | -dbg
ready                             | work        |      | 10.3.3558.6081  (Windows) | -dbg
ready_MGIOL                       | work        |      | 10.3.3558.6081  (Windows) | -dbg
reset                             | work        |      | 10.3.3558.6081  (Windows) | -dbg
crc_15_                           | work        |      | 10.3.3558.6081  (Windows) | -dbg
crc_14_                           | work        |      | 10.3.3558.6081  (Windows) | -dbg
crc_13_                           | work        |      | 10.3.3558.6081  (Windows) | -dbg
crc_12_                           | work        |      | 10.3.3558.6081  (Windows) | -dbg
crc_11_                           | work        |      | 10.3.3558.6081  (Windows) | -dbg
crc_10_                           | work        |      | 10.3.3558.6081  (Windows) | -dbg
crc_9_                            | work        |      | 10.3.3558.6081  (Windows) | -dbg
crc_8_                            | work        |      | 10.3.3558.6081  (Windows) | -dbg
crc_7_                            | work        |      | 10.3.3558.6081  (Windows) | -dbg
crc_6_                            | work        |      | 10.3.3558.6081  (Windows) | -dbg
crc_5_                            | work        |      | 10.3.3558.6081  (Windows) | -dbg
crc_4_                            | work        |      | 10.3.3558.6081  (Windows) | -dbg
crc_3_                            | work        |      | 10.3.3558.6081  (Windows) | -dbg
crc_2_                            | work        |      | 10.3.3558.6081  (Windows) | -dbg
crc_1_                            | work        |      | 10.3.3558.6081  (Windows) | -dbg
crc_0_                            | work        |      | 10.3.3558.6081  (Windows) | -dbg
data_7_                           | work        |      | 10.3.3558.6081  (Windows) | -dbg
data_6_                           | work        |      | 10.3.3558.6081  (Windows) | -dbg
data_5_                           | work        |      | 10.3.3558.6081  (Windows) | -dbg
data_4_                           | work        |      | 10.3.3558.6081  (Windows) | -dbg
data_3_                           | work        |      | 10.3.3558.6081  (Windows) | -dbg
data_2_                           | work        |      | 10.3.3558.6081  (Windows) | -dbg
data_1_                           | work        |      | 10.3.3558.6081  (Windows) | -dbg
data_0_                           | work        |      | 10.3.3558.6081  (Windows) | -dbg
enable                            | work        |      | 10.3.3558.6081  (Windows) | -dbg
clk                               | work        |      | 10.3.3558.6081  (Windows) | -dbg
GSR_INSTa                         | work        |      | 10.3.3558.6081  (Windows) | -dbg
VHI                               | ovi_machxo2 |      | 10.3.3558.6081  (Windows) | -vendor lattice -v2k
lut4a                             | work        |      | 10.3.3558.6081  (Windows) | -dbg
gnda                              | work        |      | 10.3.3558.6081  (Windows) | -dbg
vmuxregsrea                       | work        |      | 10.3.3558.6081  (Windows) | -dbg
vcca                              | work        |      | 10.3.3558.6081  (Windows) | -dbg
ROM16X1A                          | ovi_machxo2 |      | 10.3.3558.6081  (Windows) | -vendor lattice -v2k
FL1P3BX                           | ovi_machxo2 |      | 10.3.3558.6081  (Windows) | -vendor lattice -v2k
lut40001a                         | work        |      | 10.3.3558.6081  (Windows) | -dbg
lut40002a                         | work        |      | 10.3.3558.6081  (Windows) | -dbg
lut40003a                         | work        |      | 10.3.3558.6081  (Windows) | -dbg
xo2iobufa                         | work        |      | 10.3.3558.6081  (Windows) | -dbg
OBZPD                             | ovi_machxo2 |      | 10.3.3558.6081  (Windows) | -vendor lattice -v2k
mfflsrea                          | work        |      | 10.3.3558.6081  (Windows) | -dbg
FD1P3DX                           | ovi_machxo2 |      | 10.3.3558.6081  (Windows) | -vendor lattice -v2k
xo2iobuf0004                      | work        |      | 10.3.3558.6081  (Windows) | -dbg
IBPD                              | ovi_machxo2 |      | 10.3.3558.6081  (Windows) | -vendor lattice -v2k
GSR5MODEa                         | work        |      | 10.3.3558.6081  (Windows) | -dbg
INV                               | ovi_machxo2 |      | 10.3.3558.6081  (Windows) | -vendor lattice -v2k
SLICE_0                           | work        |      | 10.3.3558.6081  (Windows) | -dbg
SLICE_1                           | work        |      | 10.3.3558.6081  (Windows) | -dbg
SLICE_2                           | work        |      | 10.3.3558.6081  (Windows) | -dbg
SLICE_3                           | work        |      | 10.3.3558.6081  (Windows) | -dbg
SLICE_4                           | work        |      | 10.3.3558.6081  (Windows) | -dbg
byte_data_2_2_7__SLICE_5          | work        |      | 10.3.3558.6081  (Windows) | -dbg
byte_data_2_2_0__SLICE_6          | work        |      | 10.3.3558.6081  (Windows) | -dbg
byte_data_2_2_1__SLICE_7          | work        |      | 10.3.3558.6081  (Windows) | -dbg
byte_data_2_2_2__SLICE_8          | work        |      | 10.3.3558.6081  (Windows) | -dbg
byte_data_2_2_3__SLICE_9          | work        |      | 10.3.3558.6081  (Windows) | -dbg
byte_data_2_2_4__SLICE_10         | work        |      | 10.3.3558.6081  (Windows) | -dbg
byte_data_2_2_5__SLICE_11         | work        |      | 10.3.3558.6081  (Windows) | -dbg
byte_data_2_2_6__SLICE_12         | work        |      | 10.3.3558.6081  (Windows) | -dbg
SLICE_13                          | work        |      | 10.3.3558.6081  (Windows) | -dbg
SLICE_14                          | work        |      | 10.3.3558.6081  (Windows) | -dbg
SLICE_15                          | work        |      | 10.3.3558.6081  (Windows) | -dbg
SLICE_16                          | work        |      | 10.3.3558.6081  (Windows) | -dbg
SLICE_17                          | work        |      | 10.3.3558.6081  (Windows) | -dbg
SLICE_18                          | work        |      | 10.3.3558.6081  (Windows) | -dbg
SLICE_19                          | work        |      | 10.3.3558.6081  (Windows) | -dbg
SLICE_20                          | work        |      | 10.3.3558.6081  (Windows) | -dbg
byte_en                           | work        |      | 10.3.3558.6081  (Windows) | -dbg
reset_n                           | work        |      | 10.3.3558.6081  (Windows) | -dbg
data_type_5_                      | work        |      | 10.3.3558.6081  (Windows) | -dbg
data_type_4_                      | work        |      | 10.3.3558.6081  (Windows) | -dbg
data_type_3_                      | work        |      | 10.3.3558.6081  (Windows) | -dbg
data_type_2_                      | work        |      | 10.3.3558.6081  (Windows) | -dbg
data_type_1_                      | work        |      | 10.3.3558.6081  (Windows) | -dbg
data_type_0_                      | work        |      | 10.3.3558.6081  (Windows) | -dbg
FV_end                            | work        |      | 10.3.3558.6081  (Windows) | -dbg
FV_start                          | work        |      | 10.3.3558.6081  (Windows) | -dbg
FV                                | work        |      | 10.3.3558.6081  (Windows) | -dbg
FV_MGIOL                          | work        |      | 10.3.3558.6081  (Windows) | -dbg
byte_data_31_                     | work        |      | 10.3.3558.6081  (Windows) | -dbg
byte_data_30_                     | work        |      | 10.3.3558.6081  (Windows) | -dbg
byte_data_29_                     | work        |      | 10.3.3558.6081  (Windows) | -dbg
byte_data_28_                     | work        |      | 10.3.3558.6081  (Windows) | -dbg
byte_data_27_                     | work        |      | 10.3.3558.6081  (Windows) | -dbg
byte_data_26_                     | work        |      | 10.3.3558.6081  (Windows) | -dbg
byte_data_25_                     | work        |      | 10.3.3558.6081  (Windows) | -dbg
byte_data_24_                     | work        |      | 10.3.3558.6081  (Windows) | -dbg
byte_data_23_                     | work        |      | 10.3.3558.6081  (Windows) | -dbg
byte_data_22_                     | work        |      | 10.3.3558.6081  (Windows) | -dbg
byte_data_21_                     | work        |      | 10.3.3558.6081  (Windows) | -dbg
byte_data_20_                     | work        |      | 10.3.3558.6081  (Windows) | -dbg
byte_data_19_                     | work        |      | 10.3.3558.6081  (Windows) | -dbg
byte_data_18_                     | work        |      | 10.3.3558.6081  (Windows) | -dbg
byte_data_17_                     | work        |      | 10.3.3558.6081  (Windows) | -dbg
byte_data_16_                     | work        |      | 10.3.3558.6081  (Windows) | -dbg
byte_data_15_                     | work        |      | 10.3.3558.6081  (Windows) | -dbg
byte_data_14_                     | work        |      | 10.3.3558.6081  (Windows) | -dbg
byte_data_13_                     | work        |      | 10.3.3558.6081  (Windows) | -dbg
byte_data_12_                     | work        |      | 10.3.3558.6081  (Windows) | -dbg
byte_data_11_                     | work        |      | 10.3.3558.6081  (Windows) | -dbg
byte_data_10_                     | work        |      | 10.3.3558.6081  (Windows) | -dbg
byte_data_9_                      | work        |      | 10.3.3558.6081  (Windows) | -dbg
byte_data_8_                      | work        |      | 10.3.3558.6081  (Windows) | -dbg
byte_data_7_                      | work        |      | 10.3.3558.6081  (Windows) | -dbg
byte_data_7__MGIOL                | work        |      | 10.3.3558.6081  (Windows) | -dbg
byte_data_6_                      | work        |      | 10.3.3558.6081  (Windows) | -dbg
byte_data_6__MGIOL                | work        |      | 10.3.3558.6081  (Windows) | -dbg
byte_data_5_                      | work        |      | 10.3.3558.6081  (Windows) | -dbg
byte_data_5__MGIOL                | work        |      | 10.3.3558.6081  (Windows) | -dbg
byte_data_4_                      | work        |      | 10.3.3558.6081  (Windows) | -dbg
byte_data_4__MGIOL                | work        |      | 10.3.3558.6081  (Windows) | -dbg
byte_data_3_                      | work        |      | 10.3.3558.6081  (Windows) | -dbg
byte_data_3__MGIOL                | work        |      | 10.3.3558.6081  (Windows) | -dbg
byte_data_2_                      | work        |      | 10.3.3558.6081  (Windows) | -dbg
byte_data_2__MGIOL                | work        |      | 10.3.3558.6081  (Windows) | -dbg
byte_data_1_                      | work        |      | 10.3.3558.6081  (Windows) | -dbg
byte_data_1__MGIOL                | work        |      | 10.3.3558.6081  (Windows) | -dbg
byte_data_0_                      | work        |      | 10.3.3558.6081  (Windows) | -dbg
byte_data_0__MGIOL                | work        |      | 10.3.3558.6081  (Windows) | -dbg
byte_clk                          | work        |      | 10.3.3558.6081  (Windows) | -dbg
PIXDATA_7_                        | work        |      | 10.3.3558.6081  (Windows) | -dbg
PIXDATA_7__MGIOL                  | work        |      | 10.3.3558.6081  (Windows) | -dbg
PIXDATA_6_                        | work        |      | 10.3.3558.6081  (Windows) | -dbg
PIXDATA_6__MGIOL                  | work        |      | 10.3.3558.6081  (Windows) | -dbg
PIXDATA_5_                        | work        |      | 10.3.3558.6081  (Windows) | -dbg
PIXDATA_5__MGIOL                  | work        |      | 10.3.3558.6081  (Windows) | -dbg
PIXDATA_4_                        | work        |      | 10.3.3558.6081  (Windows) | -dbg
PIXDATA_4__MGIOL                  | work        |      | 10.3.3558.6081  (Windows) | -dbg
PIXDATA_3_                        | work        |      | 10.3.3558.6081  (Windows) | -dbg
PIXDATA_3__MGIOL                  | work        |      | 10.3.3558.6081  (Windows) | -dbg
PIXDATA_2_                        | work        |      | 10.3.3558.6081  (Windows) | -dbg
PIXDATA_2__MGIOL                  | work        |      | 10.3.3558.6081  (Windows) | -dbg
PIXDATA_1_                        | work        |      | 10.3.3558.6081  (Windows) | -dbg
PIXDATA_1__MGIOL                  | work        |      | 10.3.3558.6081  (Windows) | -dbg
PIXDATA_0_                        | work        |      | 10.3.3558.6081  (Windows) | -dbg
PIXDATA_0__MGIOL                  | work        |      | 10.3.3558.6081  (Windows) | -dbg
LV                                | work        |      | 10.3.3558.6081  (Windows) | -dbg
LV_MGIOL                          | work        |      | 10.3.3558.6081  (Windows) | -dbg
PIXCLK                            | work        |      | 10.3.3558.6081  (Windows) | -dbg
u_fifo_pixel2byte_fifo_8to32_0_1  | work        |      | 10.3.3558.6081  (Windows) | -dbg
u_fifo_pixel2byte_fifo_8to32_1_0  | work        |      | 10.3.3558.6081  (Windows) | -dbg
GSR_INST                          | work        |      | 10.3.3558.6081  (Windows) | -dbg
lut4                              | work        |      | 10.3.3558.6081  (Windows) | -dbg
gnd                               | work        |      | 10.3.3558.6081  (Windows) | -dbg
vmuxregsre                        | work        |      | 10.3.3558.6081  (Windows) | -dbg
vcc                               | work        |      | 10.3.3558.6081  (Windows) | -dbg
FL1P3DX                           | ovi_machxo2 |      | 10.3.3558.6081  (Windows) | -vendor lattice -v2k
lut40001                          | work        |      | 10.3.3558.6081  (Windows) | -dbg
lut40002                          | work        |      | 10.3.3558.6081  (Windows) | -dbg
lut40003                          | work        |      | 10.3.3558.6081  (Windows) | -dbg
lut40004                          | work        |      | 10.3.3558.6081  (Windows) | -dbg
lut40005                          | work        |      | 10.3.3558.6081  (Windows) | -dbg
lut40006                          | work        |      | 10.3.3558.6081  (Windows) | -dbg
lut40007                          | work        |      | 10.3.3558.6081  (Windows) | -dbg
lut40008                          | work        |      | 10.3.3558.6081  (Windows) | -dbg
selmux2                           | work        |      | 10.3.3558.6081  (Windows) | -dbg
MUX21                             | ovi_machxo2 |      | 10.3.3558.6081  (Windows) | -vendor lattice -v2k
lut40009                          | work        |      | 10.3.3558.6081  (Windows) | -dbg
lut40010                          | work        |      | 10.3.3558.6081  (Windows) | -dbg
lut40011                          | work        |      | 10.3.3558.6081  (Windows) | -dbg
lut40012                          | work        |      | 10.3.3558.6081  (Windows) | -dbg
lut40013                          | work        |      | 10.3.3558.6081  (Windows) | -dbg
lut40014                          | work        |      | 10.3.3558.6081  (Windows) | -dbg
lut40015                          | work        |      | 10.3.3558.6081  (Windows) | -dbg
lut40016                          | work        |      | 10.3.3558.6081  (Windows) | -dbg
xo2iobuf                          | work        |      | 10.3.3558.6081  (Windows) | -dbg
xo2iobuf0017                      | work        |      | 10.3.3558.6081  (Windows) | -dbg
smuxlregsre                       | work        |      | 10.3.3558.6081  (Windows) | -dbg
IFS1P3DX                          | ovi_machxo2 |      | 10.3.3558.6081  (Windows) | -vendor lattice -v2k
mfflsre                           | work        |      | 10.3.3558.6081  (Windows) | -dbg
FIFO8KB_B                         | work        |      | 10.3.3558.6081  (Windows) | -dbg
inverter                          | work        |      | 10.3.3558.6081  (Windows) | -dbg
FIFO8KB                           | ovi_machxo2 |      | 10.3.3558.6081  (Windows) | -vendor lattice -v2k
FIFO8KB0018                       | work        |      | 10.3.3558.6081  (Windows) | -dbg
GSR5MODE                          | work        |      | 10.3.3558.6081  (Windows) | -dbg
BUFBA                             | ovi_machxo2 |      | 10.3.3558.6081  (Windows) | -vendor lattice -v2k
SLICE5_0                          | work        |      | 10.3.3558.6081  (Windows) | -dbg
u_PH_DLY_FIFO_SLICE5_1            | work        |      | 10.3.3558.6081  (Windows) | -dbg
u_PH_DLY_FIFO_SLICE5_2            | work        |      | 10.3.3558.6081  (Windows) | -dbg
u_PH_DLY_FIFO_SLICE5_3            | work        |      | 10.3.3558.6081  (Windows) | -dbg
u_PH_DLY_FIFO_SLICE5_4            | work        |      | 10.3.3558.6081  (Windows) | -dbg
u_PH_DLY_FIFO_SLICE5_5            | work        |      | 10.3.3558.6081  (Windows) | -dbg
u_PH_DLY_FIFO_SLICE5_6            | work        |      | 10.3.3558.6081  (Windows) | -dbg
SLICE5_7                          | work        |      | 10.3.3558.6081  (Windows) | -dbg
u_PH_DLY_FIFO_SLICE5_8            | work        |      | 10.3.3558.6081  (Windows) | -dbg
u_PH_DLY_FIFO_SLICE5_9            | work        |      | 10.3.3558.6081  (Windows) | -dbg
u_PH_DLY_FIFO_SLICE5_10           | work        |      | 10.3.3558.6081  (Windows) | -dbg
u_PH_DLY_FIFO_SLICE5_11           | work        |      | 10.3.3558.6081  (Windows) | -dbg
u_PH_DLY_FIFO_SLICE5_12           | work        |      | 10.3.3558.6081  (Windows) | -dbg
u_PH_DLY_FIFO_SLICE5_13           | work        |      | 10.3.3558.6081  (Windows) | -dbg
u_PH_DLY_FIFO_SLICE5_14           | work        |      | 10.3.3558.6081  (Windows) | -dbg
SLICE5_15                         | work        |      | 10.3.3558.6081  (Windows) | -dbg
SLICE5_16                         | work        |      | 10.3.3558.6081  (Windows) | -dbg
SLICE5_17                         | work        |      | 10.3.3558.6081  (Windows) | -dbg
SLICE5_18                         | work        |      | 10.3.3558.6081  (Windows) | -dbg
SLICE5_19                         | work        |      | 10.3.3558.6081  (Windows) | -dbg
SLICE5_20                         | work        |      | 10.3.3558.6081  (Windows) | -dbg
SLICE5_21                         | work        |      | 10.3.3558.6081  (Windows) | -dbg
SLICE5_22                         | work        |      | 10.3.3558.6081  (Windows) | -dbg
SLICE5_23                         | work        |      | 10.3.3558.6081  (Windows) | -dbg
SLICE5_24                         | work        |      | 10.3.3558.6081  (Windows) | -dbg
SLICE5_25                         | work        |      | 10.3.3558.6081  (Windows) | -dbg
SLICE5_26                         | work        |      | 10.3.3558.6081  (Windows) | -dbg
SLICE5_27                         | work        |      | 10.3.3558.6081  (Windows) | -dbg
SLICE5_28                         | work        |      | 10.3.3558.6081  (Windows) | -dbg
SLICE5_29                         | work        |      | 10.3.3558.6081  (Windows) | -dbg
SLICE5_30                         | work        |      | 10.3.3558.6081  (Windows) | -dbg
SLICE5_31                         | work        |      | 10.3.3558.6081  (Windows) | -dbg
q_byte_data5_CR31_ram_SLICE5_32   | work        |      | 10.3.3558.6081  (Windows) | -dbg
SLICE5_33                         | work        |      | 10.3.3558.6081  (Windows) | -dbg
q_byte_data5_CR31_ram_SLICE5_34   | work        |      | 10.3.3558.6081  (Windows) | -dbg
u_PH_DLY_FIFO_fifo_pfu_0_6_0      | work        |      | 10.3.3558.6081  (Windows) | -dbg
u_PH_DLY_FIFO_fifo_pfu_0_6_1      | work        |      | 10.3.3558.6081  (Windows) | -dbg
u_PH_DLY_FIFO_fifo_pfu_0_6        | work        |      | 10.3.3558.6081  (Windows) | -dbg
u_PH_DLY_FIFO_fifo_pfu_0_7        | work        |      | 10.3.3558.6081  (Windows) | -dbg
u_PH_DLY_FIFO_fifo_pfu_0_7_2      | work        |      | 10.3.3558.6081  (Windows) | -dbg
u_PH_DLY_FIFO_fifo_pfu_0_7_3      | work        |      | 10.3.3558.6081  (Windows) | -dbg
q_byte_data5_CR31_ram_0_SLICE5_41 | work        |      | 10.3.3558.6081  (Windows) | -dbg
q_byte_data5_CR31_ram_0_SLICE5_42 | work        |      | 10.3.3558.6081  (Windows) | -dbg
q_byte_data5_CR31_ram_0_SLICE5_43 | work        |      | 10.3.3558.6081  (Windows) | -dbg
SLICE5_44                         | work        |      | 10.3.3558.6081  (Windows) | -dbg
SLICE5_45                         | work        |      | 10.3.3558.6081  (Windows) | -dbg
SLICE5_46                         | work        |      | 10.3.3558.6081  (Windows) | -dbg
SLICE5_48                         | work        |      | 10.3.3558.6081  (Windows) | -dbg
SLICE5_50                         | work        |      | 10.3.3558.6081  (Windows) | -dbg
SLICE5_51                         | work        |      | 10.3.3558.6081  (Windows) | -dbg
SLICE5_52                         | work        |      | 10.3.3558.6081  (Windows) | -dbg
SLICE5_53                         | work        |      | 10.3.3558.6081  (Windows) | -dbg
SLICE5_54                         | work        |      | 10.3.3558.6081  (Windows) | -dbg
SLICE5_55                         | work        |      | 10.3.3558.6081  (Windows) | -dbg
SLICE5_56                         | work        |      | 10.3.3558.6081  (Windows) | -dbg
SLICE5_57                         | work        |      | 10.3.3558.6081  (Windows) | -dbg
SLICE5_58                         | work        |      | 10.3.3558.6081  (Windows) | -dbg
SLICE5_60                         | work        |      | 10.3.3558.6081  (Windows) | -dbg
SLICE5_61                         | work        |      | 10.3.3558.6081  (Windows) | -dbg
SLICE5_62                         | work        |      | 10.3.3558.6081  (Windows) | -dbg
SLICE5_66                         | work        |      | 10.3.3558.6081  (Windows) | -dbg
SLICE5_67                         | work        |      | 10.3.3558.6081  (Windows) | -dbg
u_PH_DLY_FIFO_SLICE5_68           | work        |      | 10.3.3558.6081  (Windows) | -dbg
u_PH_DLY_FIFO_SLICE5_69           | work        |      | 10.3.3558.6081  (Windows) | -dbg
u_PH_DLY_FIFO_SLICE5_76           | work        |      | 10.3.3558.6081  (Windows) | -dbg
u_PH_DLY_FIFO_SLICE5_77           | work        |      | 10.3.3558.6081  (Windows) | -dbg
SLICE5_82                         | work        |      | 10.3.3558.6081  (Windows) | -dbg
u_PH_DLY_FIFO_SLICE5_83           | work        |      | 10.3.3558.6081  (Windows) | -dbg
SLICE5_84                         | work        |      | 10.3.3558.6081  (Windows) | -dbg
SLICE5_85                         | work        |      | 10.3.3558.6081  (Windows) | -dbg
SLICE5_86                         | work        |      | 10.3.3558.6081  (Windows) | -dbg
SLICE5_87                         | work        |      | 10.3.3558.6081  (Windows) | -dbg
SLICE5_88                         | work        |      | 10.3.3558.6081  (Windows) | -dbg
SLICE5_89                         | work        |      | 10.3.3558.6081  (Windows) | -dbg
SLICE5_90                         | work        |      | 10.3.3558.6081  (Windows) | -dbg
SLICE5_91                         | work        |      | 10.3.3558.6081  (Windows) | -dbg
SLICE5_92                         | work        |      | 10.3.3558.6081  (Windows) | -dbg
SLICE5_93                         | work        |      | 10.3.3558.6081  (Windows) | -dbg
SLICE5_94                         | work        |      | 10.3.3558.6081  (Windows) | -dbg
SLICE5_95                         | work        |      | 10.3.3558.6081  (Windows) | -dbg
SLICE5_96                         | work        |      | 10.3.3558.6081  (Windows) | -dbg
SLICE5_97                         | work        |      | 10.3.3558.6081  (Windows) | -dbg
SLICE5_98                         | work        |      | 10.3.3558.6081  (Windows) | -dbg
SLICE5_99                         | work        |      | 10.3.3558.6081  (Windows) | -dbg
SLICE5_100                        | work        |      | 10.3.3558.6081  (Windows) | -dbg
SLICE5_101                        | work        |      | 10.3.3558.6081  (Windows) | -dbg
SLICE5_102                        | work        |      | 10.3.3558.6081  (Windows) | -dbg
SLICE5_103                        | work        |      | 10.3.3558.6081  (Windows) | -dbg
SLICE5_104                        | work        |      | 10.3.3558.6081  (Windows) | -dbg
SLICE5_105                        | work        |      | 10.3.3558.6081  (Windows) | -dbg
SLICE5_106                        | work        |      | 10.3.3558.6081  (Windows) | -dbg
u_PH_DLY_FIFO_SLICE5_107          | work        |      | 10.3.3558.6081  (Windows) | -dbg
u_PH_DLY_FIFO_SLICE5_108          | work        |      | 10.3.3558.6081  (Windows) | -dbg
u_PH_DLY_FIFO_SLICE5_109          | work        |      | 10.3.3558.6081  (Windows) | -dbg
u_PH_DLY_FIFO_SLICE5_110          | work        |      | 10.3.3558.6081  (Windows) | -dbg
SLICE5_111                        | work        |      | 10.3.3558.6081  (Windows) | -dbg
SLICE5_112                        | work        |      | 10.3.3558.6081  (Windows) | -dbg
SLICE5_113                        | work        |      | 10.3.3558.6081  (Windows) | -dbg
SLICE5_114                        | work        |      | 10.3.3558.6081  (Windows) | -dbg
SLICE5_115                        | work        |      | 10.3.3558.6081  (Windows) | -dbg
SLICE5_116                        | work        |      | 10.3.3558.6081  (Windows) | -dbg
SLICE5_117                        | work        |      | 10.3.3558.6081  (Windows) | -dbg
SLICE5_118                        | work        |      | 10.3.3558.6081  (Windows) | -dbg
SLICE5_119                        | work        |      | 10.3.3558.6081  (Windows) | -dbg
SLICE5_120                        | work        |      | 10.3.3558.6081  (Windows) | -dbg
SLICE5_121                        | work        |      | 10.3.3558.6081  (Windows) | -dbg
SLICE5_122                        | work        |      | 10.3.3558.6081  (Windows) | -dbg
SLICE5_123                        | work        |      | 10.3.3558.6081  (Windows) | -dbg
SLICE5_124                        | work        |      | 10.3.3558.6081  (Windows) | -dbg
SLICE5_125                        | work        |      | 10.3.3558.6081  (Windows) | -dbg
SLICE5_126                        | work        |      | 10.3.3558.6081  (Windows) | -dbg
SLICE5_127                        | work        |      | 10.3.3558.6081  (Windows) | -dbg
SLICE5_128                        | work        |      | 10.3.3558.6081  (Windows) | -dbg
bytepkt_en                        | work        |      | 10.3.3558.6081  (Windows) | -dbg
reset_n4                          | work        |      | 10.3.3558.6081  (Windows) | -dbg
EoTp                              | work        |      | 10.3.3558.6081  (Windows) | -dbg
bytepkt_31_                       | work        |      | 10.3.3558.6081  (Windows) | -dbg
bytepkt_30_                       | work        |      | 10.3.3558.6081  (Windows) | -dbg
bytepkt_29_                       | work        |      | 10.3.3558.6081  (Windows) | -dbg
bytepkt_28_                       | work        |      | 10.3.3558.6081  (Windows) | -dbg
bytepkt_27_                       | work        |      | 10.3.3558.6081  (Windows) | -dbg
bytepkt_26_                       | work        |      | 10.3.3558.6081  (Windows) | -dbg
bytepkt_25_                       | work        |      | 10.3.3558.6081  (Windows) | -dbg
bytepkt_24_                       | work        |      | 10.3.3558.6081  (Windows) | -dbg
bytepkt_23_                       | work        |      | 10.3.3558.6081  (Windows) | -dbg
bytepkt_22_                       | work        |      | 10.3.3558.6081  (Windows) | -dbg
bytepkt_21_                       | work        |      | 10.3.3558.6081  (Windows) | -dbg
bytepkt_20_                       | work        |      | 10.3.3558.6081  (Windows) | -dbg
bytepkt_19_                       | work        |      | 10.3.3558.6081  (Windows) | -dbg
bytepkt_18_                       | work        |      | 10.3.3558.6081  (Windows) | -dbg
bytepkt_17_                       | work        |      | 10.3.3558.6081  (Windows) | -dbg
bytepkt_16_                       | work        |      | 10.3.3558.6081  (Windows) | -dbg
bytepkt_15_                       | work        |      | 10.3.3558.6081  (Windows) | -dbg
bytepkt_14_                       | work        |      | 10.3.3558.6081  (Windows) | -dbg
bytepkt_13_                       | work        |      | 10.3.3558.6081  (Windows) | -dbg
bytepkt_12_                       | work        |      | 10.3.3558.6081  (Windows) | -dbg
bytepkt_11_                       | work        |      | 10.3.3558.6081  (Windows) | -dbg
bytepkt_10_                       | work        |      | 10.3.3558.6081  (Windows) | -dbg
bytepkt_9_                        | work        |      | 10.3.3558.6081  (Windows) | -dbg
bytepkt_8_                        | work        |      | 10.3.3558.6081  (Windows) | -dbg
bytepkt_7_                        | work        |      | 10.3.3558.6081  (Windows) | -dbg
bytepkt_7__MGIOL                  | work        |      | 10.3.3558.6081  (Windows) | -dbg
bytepkt_6_                        | work        |      | 10.3.3558.6081  (Windows) | -dbg
bytepkt_6__MGIOL                  | work        |      | 10.3.3558.6081  (Windows) | -dbg
bytepkt_5_                        | work        |      | 10.3.3558.6081  (Windows) | -dbg
bytepkt_5__MGIOL                  | work        |      | 10.3.3558.6081  (Windows) | -dbg
bytepkt_4_                        | work        |      | 10.3.3558.6081  (Windows) | -dbg
bytepkt_4__MGIOL                  | work        |      | 10.3.3558.6081  (Windows) | -dbg
bytepkt_3_                        | work        |      | 10.3.3558.6081  (Windows) | -dbg
bytepkt_3__MGIOL                  | work        |      | 10.3.3558.6081  (Windows) | -dbg
bytepkt_2_                        | work        |      | 10.3.3558.6081  (Windows) | -dbg
bytepkt_2__MGIOL                  | work        |      | 10.3.3558.6081  (Windows) | -dbg
bytepkt_1_                        | work        |      | 10.3.3558.6081  (Windows) | -dbg
bytepkt_1__MGIOL                  | work        |      | 10.3.3558.6081  (Windows) | -dbg
bytepkt_0_                        | work        |      | 10.3.3558.6081  (Windows) | -dbg
bytepkt_0__MGIOL                  | work        |      | 10.3.3558.6081  (Windows) | -dbg
chksum_15_                        | work        |      | 10.3.3558.6081  (Windows) | -dbg
chksum_15__MGIOL                  | work        |      | 10.3.3558.6081  (Windows) | -dbg
chksum_14_                        | work        |      | 10.3.3558.6081  (Windows) | -dbg
chksum_14__MGIOL                  | work        |      | 10.3.3558.6081  (Windows) | -dbg
chksum_13_                        | work        |      | 10.3.3558.6081  (Windows) | -dbg
chksum_13__MGIOL                  | work        |      | 10.3.3558.6081  (Windows) | -dbg
chksum_12_                        | work        |      | 10.3.3558.6081  (Windows) | -dbg
chksum_12__MGIOL                  | work        |      | 10.3.3558.6081  (Windows) | -dbg
chksum_11_                        | work        |      | 10.3.3558.6081  (Windows) | -dbg
chksum_11__MGIOL                  | work        |      | 10.3.3558.6081  (Windows) | -dbg
chksum_10_                        | work        |      | 10.3.3558.6081  (Windows) | -dbg
chksum_10__MGIOL                  | work        |      | 10.3.3558.6081  (Windows) | -dbg
chksum_9_                         | work        |      | 10.3.3558.6081  (Windows) | -dbg
chksum_9__MGIOL                   | work        |      | 10.3.3558.6081  (Windows) | -dbg
chksum_8_                         | work        |      | 10.3.3558.6081  (Windows) | -dbg
chksum_8__MGIOL                   | work        |      | 10.3.3558.6081  (Windows) | -dbg
chksum_7_                         | work        |      | 10.3.3558.6081  (Windows) | -dbg
chksum_7__MGIOL                   | work        |      | 10.3.3558.6081  (Windows) | -dbg
chksum_6_                         | work        |      | 10.3.3558.6081  (Windows) | -dbg
chksum_6__MGIOL                   | work        |      | 10.3.3558.6081  (Windows) | -dbg
chksum_5_                         | work        |      | 10.3.3558.6081  (Windows) | -dbg
chksum_5__MGIOL                   | work        |      | 10.3.3558.6081  (Windows) | -dbg
chksum_4_                         | work        |      | 10.3.3558.6081  (Windows) | -dbg
chksum_4__MGIOL                   | work        |      | 10.3.3558.6081  (Windows) | -dbg
chksum_3_                         | work        |      | 10.3.3558.6081  (Windows) | -dbg
chksum_3__MGIOL                   | work        |      | 10.3.3558.6081  (Windows) | -dbg
chksum_2_                         | work        |      | 10.3.3558.6081  (Windows) | -dbg
chksum_2__MGIOL                   | work        |      | 10.3.3558.6081  (Windows) | -dbg
chksum_1_                         | work        |      | 10.3.3558.6081  (Windows) | -dbg
chksum_1__MGIOL                   | work        |      | 10.3.3558.6081  (Windows) | -dbg
chksum_0_                         | work        |      | 10.3.3558.6081  (Windows) | -dbg
chksum_0__MGIOL                   | work        |      | 10.3.3558.6081  (Windows) | -dbg
chksum_rdy                        | work        |      | 10.3.3558.6081  (Windows) | -dbg
wc_15_                            | work        |      | 10.3.3558.6081  (Windows) | -dbg
wc_15__MGIOL                      | work        |      | 10.3.3558.6081  (Windows) | -dbg
wc_14_                            | work        |      | 10.3.3558.6081  (Windows) | -dbg
wc_14__MGIOL                      | work        |      | 10.3.3558.6081  (Windows) | -dbg
wc_13_                            | work        |      | 10.3.3558.6081  (Windows) | -dbg
wc_13__MGIOL                      | work        |      | 10.3.3558.6081  (Windows) | -dbg
wc_12_                            | work        |      | 10.3.3558.6081  (Windows) | -dbg
wc_12__MGIOL                      | work        |      | 10.3.3558.6081  (Windows) | -dbg
wc_11_                            | work        |      | 10.3.3558.6081  (Windows) | -dbg
wc_11__MGIOL                      | work        |      | 10.3.3558.6081  (Windows) | -dbg
wc_10_                            | work        |      | 10.3.3558.6081  (Windows) | -dbg
wc_10__MGIOL                      | work        |      | 10.3.3558.6081  (Windows) | -dbg
wc_9_                             | work        |      | 10.3.3558.6081  (Windows) | -dbg
wc_9__MGIOL                       | work        |      | 10.3.3558.6081  (Windows) | -dbg
wc_8_                             | work        |      | 10.3.3558.6081  (Windows) | -dbg
wc_8__MGIOL                       | work        |      | 10.3.3558.6081  (Windows) | -dbg
wc_7_                             | work        |      | 10.3.3558.6081  (Windows) | -dbg
wc_7__MGIOL                       | work        |      | 10.3.3558.6081  (Windows) | -dbg
wc_6_                             | work        |      | 10.3.3558.6081  (Windows) | -dbg
wc_6__MGIOL                       | work        |      | 10.3.3558.6081  (Windows) | -dbg
wc_5_                             | work        |      | 10.3.3558.6081  (Windows) | -dbg
wc_5__MGIOL                       | work        |      | 10.3.3558.6081  (Windows) | -dbg
wc_4_                             | work        |      | 10.3.3558.6081  (Windows) | -dbg
wc_4__MGIOL                       | work        |      | 10.3.3558.6081  (Windows) | -dbg
wc_3_                             | work        |      | 10.3.3558.6081  (Windows) | -dbg
wc_3__MGIOL                       | work        |      | 10.3.3558.6081  (Windows) | -dbg
wc_2_                             | work        |      | 10.3.3558.6081  (Windows) | -dbg
wc_2__MGIOL                       | work        |      | 10.3.3558.6081  (Windows) | -dbg
wc_1_                             | work        |      | 10.3.3558.6081  (Windows) | -dbg
wc_1__MGIOL                       | work        |      | 10.3.3558.6081  (Windows) | -dbg
wc_0_                             | work        |      | 10.3.3558.6081  (Windows) | -dbg
wc_0__MGIOL                       | work        |      | 10.3.3558.6081  (Windows) | -dbg
dt_5_                             | work        |      | 10.3.3558.6081  (Windows) | -dbg
dt_5__MGIOL                       | work        |      | 10.3.3558.6081  (Windows) | -dbg
dt_4_                             | work        |      | 10.3.3558.6081  (Windows) | -dbg
dt_4__MGIOL                       | work        |      | 10.3.3558.6081  (Windows) | -dbg
dt_3_                             | work        |      | 10.3.3558.6081  (Windows) | -dbg
dt_3__MGIOL                       | work        |      | 10.3.3558.6081  (Windows) | -dbg
dt_2_                             | work        |      | 10.3.3558.6081  (Windows) | -dbg
dt_2__MGIOL                       | work        |      | 10.3.3558.6081  (Windows) | -dbg
dt_1_                             | work        |      | 10.3.3558.6081  (Windows) | -dbg
dt_1__MGIOL                       | work        |      | 10.3.3558.6081  (Windows) | -dbg
dt_0_                             | work        |      | 10.3.3558.6081  (Windows) | -dbg
dt_0__MGIOL                       | work        |      | 10.3.3558.6081  (Windows) | -dbg
vc_1_                             | work        |      | 10.3.3558.6081  (Windows) | -dbg
vc_1__MGIOL                       | work        |      | 10.3.3558.6081  (Windows) | -dbg
vc_0_                             | work        |      | 10.3.3558.6081  (Windows) | -dbg
vc_0__MGIOL                       | work        |      | 10.3.3558.6081  (Windows) | -dbg
byte_data5_7_                     | work        |      | 10.3.3558.6081  (Windows) | -dbg
byte_data5_6_                     | work        |      | 10.3.3558.6081  (Windows) | -dbg
byte_data5_5_                     | work        |      | 10.3.3558.6081  (Windows) | -dbg
byte_data5_4_                     | work        |      | 10.3.3558.6081  (Windows) | -dbg
byte_data5_3_                     | work        |      | 10.3.3558.6081  (Windows) | -dbg
byte_data5_2_                     | work        |      | 10.3.3558.6081  (Windows) | -dbg
byte_data5_1_                     | work        |      | 10.3.3558.6081  (Windows) | -dbg
byte_data5_0_                     | work        |      | 10.3.3558.6081  (Windows) | -dbg
byte_clk5                         | work        |      | 10.3.3558.6081  (Windows) | -dbg
long_en                           | work        |      | 10.3.3558.6081  (Windows) | -dbg
long_en_MGIOL                     | work        |      | 10.3.3558.6081  (Windows) | -dbg
short_en                          | work        |      | 10.3.3558.6081  (Windows) | -dbg
short_en_MGIOL                    | work        |      | 10.3.3558.6081  (Windows) | -dbg
GSR_INST5                         | work        |      | 10.3.3558.6081  (Windows) | -dbg
vmuxregsre5                       | work        |      | 10.3.3558.6081  (Windows) | -dbg
vcc4                              | work        |      | 10.3.3558.6081  (Windows) | -dbg
gnd4                              | work        |      | 10.3.3558.6081  (Windows) | -dbg
ccu2                              | work        |      | 10.3.3558.6081  (Windows) | -dbg
CCU2D                             | ovi_machxo2 |      | 10.3.3558.6081  (Windows) | -vendor lattice -v2k
vmuxregsre50001                   | work        |      | 10.3.3558.6081  (Windows) | -dbg
alu2_mult                         | work        |      | 10.3.3558.6081  (Windows) | -dbg
CU2                               | ovi_machxo2 |      | 10.3.3558.6081  (Windows) | -vendor lattice -v2k
alu2_mult0002                     | work        |      | 10.3.3558.6081  (Windows) | -dbg
FADD2B                            | ovi_machxo2 |      | 10.3.3558.6081  (Windows) | -vendor lattice -v2k
alu2_mult0003                     | work        |      | 10.3.3558.6081  (Windows) | -dbg
AGEB2                             | ovi_machxo2 |      | 10.3.3558.6081  (Windows) | -vendor lattice -v2k
vmuxregsre50004                   | work        |      | 10.3.3558.6081  (Windows) | -dbg
ccu20005                          | work        |      | 10.3.3558.6081  (Windows) | -dbg
ccu20006                          | work        |      | 10.3.3558.6081  (Windows) | -dbg
ccu20007                          | work        |      | 10.3.3558.6081  (Windows) | -dbg
ccu20008                          | work        |      | 10.3.3558.6081  (Windows) | -dbg
ccu20009                          | work        |      | 10.3.3558.6081  (Windows) | -dbg
buffer                            | work        |      | 10.3.3558.6081  (Windows) | -dbg
ec2dpram                          | work        |      | 10.3.3558.6081  (Windows) | -dbg
DPR16X4C                          | ovi_machxo2 |      | 10.3.3558.6081  (Windows) | -vendor lattice -v2k
ec2dpram0010                      | work        |      | 10.3.3558.6081  (Windows) | -dbg
lut64                             | work        |      | 10.3.3558.6081  (Windows) | -dbg
lut640011                         | work        |      | 10.3.3558.6081  (Windows) | -dbg
lut640012                         | work        |      | 10.3.3558.6081  (Windows) | -dbg
lut640013                         | work        |      | 10.3.3558.6081  (Windows) | -dbg
lut640014                         | work        |      | 10.3.3558.6081  (Windows) | -dbg
lut640015                         | work        |      | 10.3.3558.6081  (Windows) | -dbg
lut640016                         | work        |      | 10.3.3558.6081  (Windows) | -dbg
lut640017                         | work        |      | 10.3.3558.6081  (Windows) | -dbg
lut640018                         | work        |      | 10.3.3558.6081  (Windows) | -dbg
lut640019                         | work        |      | 10.3.3558.6081  (Windows) | -dbg
lut640020                         | work        |      | 10.3.3558.6081  (Windows) | -dbg
lut640021                         | work        |      | 10.3.3558.6081  (Windows) | -dbg
lut640022                         | work        |      | 10.3.3558.6081  (Windows) | -dbg
lut640023                         | work        |      | 10.3.3558.6081  (Windows) | -dbg
lut640024                         | work        |      | 10.3.3558.6081  (Windows) | -dbg
lut640025                         | work        |      | 10.3.3558.6081  (Windows) | -dbg
lut640026                         | work        |      | 10.3.3558.6081  (Windows) | -dbg
lut640027                         | work        |      | 10.3.3558.6081  (Windows) | -dbg
lut640028                         | work        |      | 10.3.3558.6081  (Windows) | -dbg
lut640029                         | work        |      | 10.3.3558.6081  (Windows) | -dbg
lut640030                         | work        |      | 10.3.3558.6081  (Windows) | -dbg
lut640031                         | work        |      | 10.3.3558.6081  (Windows) | -dbg
lut640032                         | work        |      | 10.3.3558.6081  (Windows) | -dbg
lut640033                         | work        |      | 10.3.3558.6081  (Windows) | -dbg
lut640034                         | work        |      | 10.3.3558.6081  (Windows) | -dbg
lut640035                         | work        |      | 10.3.3558.6081  (Windows) | -dbg
lut640036                         | work        |      | 10.3.3558.6081  (Windows) | -dbg
lut640037                         | work        |      | 10.3.3558.6081  (Windows) | -dbg
lut640038                         | work        |      | 10.3.3558.6081  (Windows) | -dbg
lut640039                         | work        |      | 10.3.3558.6081  (Windows) | -dbg
lut640040                         | work        |      | 10.3.3558.6081  (Windows) | -dbg
lut640041                         | work        |      | 10.3.3558.6081  (Windows) | -dbg
lut640042                         | work        |      | 10.3.3558.6081  (Windows) | -dbg
lut640043                         | work        |      | 10.3.3558.6081  (Windows) | -dbg
lut640044                         | work        |      | 10.3.3558.6081  (Windows) | -dbg
lut640045                         | work        |      | 10.3.3558.6081  (Windows) | -dbg
lut640046                         | work        |      | 10.3.3558.6081  (Windows) | -dbg
lut640047                         | work        |      | 10.3.3558.6081  (Windows) | -dbg
lut640048                         | work        |      | 10.3.3558.6081  (Windows) | -dbg
lut640049                         | work        |      | 10.3.3558.6081  (Windows) | -dbg
lut640050                         | work        |      | 10.3.3558.6081  (Windows) | -dbg
lut640051                         | work        |      | 10.3.3558.6081  (Windows) | -dbg
lut640052                         | work        |      | 10.3.3558.6081  (Windows) | -dbg
lut640053                         | work        |      | 10.3.3558.6081  (Windows) | -dbg
lut640054                         | work        |      | 10.3.3558.6081  (Windows) | -dbg
lut640055                         | work        |      | 10.3.3558.6081  (Windows) | -dbg
lut640056                         | work        |      | 10.3.3558.6081  (Windows) | -dbg
lut640057                         | work        |      | 10.3.3558.6081  (Windows) | -dbg
lut640058                         | work        |      | 10.3.3558.6081  (Windows) | -dbg
xo2iobuf4                         | work        |      | 10.3.3558.6081  (Windows) | -dbg
xo2iobuf40059                     | work        |      | 10.3.3558.6081  (Windows) | -dbg
mfflsre3                          | work        |      | 10.3.3558.6081  (Windows) | -dbg
smuxlregsre33                     | work        |      | 10.3.3558.6081  (Windows) | -dbg
IFS1P3BX                          | ovi_machxo2 |      | 10.3.3558.6081  (Windows) | -vendor lattice -v2k
smuxlregsre330060                 | work        |      | 10.3.3558.6081  (Windows) | -dbg
GSR5MODE5                         | work        |      | 10.3.3558.6081  (Windows) | -dbg
oDDRx4                            | work        |      | 10.3.3558.6081  (Windows) | -dbg
IO_Controller_TX                  | work        |      | 10.3.3558.6081  (Windows) | -dbg
FD1P3BX                           | ovi_machxo2 |      | 10.3.3558.6081  (Windows) | -vendor lattice -v2k
ODDRX4B                           | ovi_machxo2 |      | 10.3.3558.6081  (Windows) | -vendor lattice -v2k
ECLKSYNCA                         | ovi_machxo2 |      | 10.3.3558.6081  (Windows) | -vendor lattice -v2k
CLKDIVC                           | ovi_machxo2 |      | 10.3.3558.6081  (Windows) | -vendor lattice -v2k
----------------------------------------------------------------------------------------------------------

----------------------------------------------------------------------------------------------------------
UDP                               | Library     | Info | Compiler Version          | Compilation Options
----------------------------------------------------------------------------------------------------------
UDFDL7E_UDP_X                     | ovi_machxo2 |      | 10.3.3558.6081  (Windows) | -vendor lattice -v2k
UDFDL5E_UDP_X                     | ovi_machxo2 |      | 10.3.3558.6081  (Windows) | -vendor lattice -v2k
lut_mux4                          | ovi_machxo2 |      | 10.3.3558.6081  (Windows) | -vendor lattice -v2k
----------------------------------------------------------------------------------------------------------

----------------------------------------------------------------------------------------------------------
Library                           | Comment
----------------------------------------------------------------------------------------------------------
ovi_machxo2                       | LATTICE Diamond 3.8, MACHXO2 VERILOG LIBRARY
work                              | None
----------------------------------------------------------------------------------------------------------
