Resource Usage Report
Part: lcmxo2_4000hc-6

Register bits: 123 of 4320 (3%)
PIC Latch:       0
I/O cells:       33

Details:
CCU2D:          36
CLKDIVC:        1
DPR16X4C:       16
ECLKSYNCA:      2
EHXPLLJ:        2
FD1P3AX:        3
FD1P3BX:        21
FD1P3DX:        28
FD1S3AX:        21
FD1S3DX:        2
FD1S3IX:        48
GSR:            1
IB:             18
INV:            6
OB:             10
OBZ:            5
ODDRX4B:        5
ORCALUT4:       136
PUR:            1
ROM16X1A:       2
VHI:            5
VLO:            8
false:          1
true:           4
