Resource Usage Report
Part: lcmxo2_4000hc-6

Register bits: 107 of 4320 (2%)
PIC Latch:       0
I/O cells:       9

Details:
CCU2D:          48
CLKDIVC:        1
DPR16X4C:       4
ECLKSYNCA:      2
EHXPLLJ:        1
FD1P3BX:        21
FD1P3DX:        35
FD1S3AX:        5
FD1S3DX:        38
FD1S3IX:        8
GSR:            1
IB:             1
INV:            9
OB:             6
OBZ:            2
ODDRX4B:        2
ORCALUT4:       99
OSCH:           1
PUR:            1
ROM16X1A:       2
VHI:            5
VLO:            7
false:          1
true:           3
