Resource Usage Report
Part: lcmxo2_4000hc-6

Register bits: 114 of 4320 (3%)
PIC Latch:       0
I/O cells:       13

Details:
CCU2D:          47
CLKDIVC:        1
DPR16X4C:       8
ECLKSYNCA:      2
EHXPLLJ:        1
FD1P3BX:        21
FD1P3DX:        35
FD1S3AX:        5
FD1S3DX:        37
FD1S3IX:        16
GSR:            1
IB:             2
INV:            9
OB:             8
OBZ:            3
ODDRX4B:        3
ORCALUT4:       102
PUR:            1
ROM16X1A:       2
VHI:            5
VLO:            7
false:          1
true:           3
