D:\FPGA\Lattice\diamond\3.8_x64\synpbase\bin64\c_hdl.exe  -osyn  C:\Users\matas\Documents\GitHub\Tegra_dual_camera\FPGA\Parallel2CSI2_YUV422_8bit_1lane_XO2_V6\impl\Parallel2CSI2\synwork\Parallel2CSI2_Parallel2CSI2_comp.srs  -top  top  -hdllog  C:\Users\matas\Documents\GitHub\Tegra_dual_camera\FPGA\Parallel2CSI2_YUV422_8bit_1lane_XO2_V6\impl\Parallel2CSI2\synlog\Parallel2CSI2_Parallel2CSI2_compiler.srr  -encrypt  -mp  4  -verilog  -prodtype  synplify_pro  -dspmac -fixsmult -infer_seqShift -nram -sdff_counter -divnmod -nostructver   -I C:\Users\matas\Documents\GitHub\Tegra_dual_camera\FPGA\Parallel2CSI2_YUV422_8bit_1lane_XO2_V6\impl  -I C:\Users\matas\Documents\GitHub\Tegra_dual_camera\FPGA\Parallel2CSI2_YUV422_8bit_1lane_XO2_V6\impl\Parallel2CSI2\  -I D:\FPGA\Lattice\diamond\3.8_x64\synpbase\lib   -v2001  -devicelib  D:\FPGA\Lattice\diamond\3.8_x64\synpbase\lib\lucent\machxo2.v  -devicelib  D:\FPGA\Lattice\diamond\3.8_x64\synpbase\lib\lucent\pmi_def.v  -encrypt  -pro  -dmgen  C:\Users\matas\Documents\GitHub\Tegra_dual_camera\FPGA\Parallel2CSI2_YUV422_8bit_1lane_XO2_V6\impl\Parallel2CSI2\dm  -ui -fid2 -ram -sharing on -ll 2000 -autosm  -D_MULTIPLE_FILE_COMPILATION_UNIT_  -lib work C:\Users\matas\Documents\GitHub\Tegra_dual_camera\FPGA\Parallel2CSI2_YUV422_8bit_1lane_XO2_V6\rtl\compiler_directives.v -lib work C:\Users\matas\Documents\GitHub\Tegra_dual_camera\FPGA\Parallel2CSI2_YUV422_8bit_1lane_XO2_V6\rtl\top.v -lib work C:\Users\matas\Documents\GitHub\Tegra_dual_camera\FPGA\Parallel2CSI2_YUV422_8bit_1lane_XO2_V6\rtl\IPExpress\pll_pix2byte_YUV422_8bit_1lane.v -lib work C:\Users\matas\Documents\GitHub\Tegra_dual_camera\FPGA\Parallel2CSI2_YUV422_8bit_1lane_XO2_V6\rtl\DPHY_TX_INST.v -lib work C:\Users\matas\Documents\GitHub\Tegra_dual_camera\FPGA\Parallel2CSI2_YUV422_8bit_1lane_XO2_V6\rtl\IO_Controller_TX.v -lib work C:\Users\matas\Documents\GitHub\Tegra_dual_camera\FPGA\Parallel2CSI2_YUV422_8bit_1lane_XO2_V6\rtl\oDDRx4.v -lib work C:\Users\matas\Documents\GitHub\Tegra_dual_camera\FPGA\Parallel2CSI2_YUV422_8bit_1lane_XO2_V6\rtl\colorbar_gen.v -lib work C:\Users\matas\Documents\GitHub\Tegra_dual_camera\FPGA\Parallel2CSI2_YUV422_8bit_1lane_XO2_V6\rtl\LP_HS_dly_ctrl.v -lib work C:\Users\matas\Documents\GitHub\Tegra_dual_camera\FPGA\Parallel2CSI2_YUV422_8bit_1lane_XO2_V6\rtl\BYTE_PACKETIZER.v -lib work C:\Users\matas\Documents\GitHub\Tegra_dual_camera\FPGA\Parallel2CSI2_YUV422_8bit_1lane_XO2_V6\rtl\crc16_1lane_bb.v -lib work C:\Users\matas\Documents\GitHub\Tegra_dual_camera\FPGA\Parallel2CSI2_YUV422_8bit_1lane_XO2_V6\rtl\packetheader_bb.v -lib work C:\Users\matas\Documents\GitHub\Tegra_dual_camera\FPGA\Parallel2CSI2_YUV422_8bit_1lane_XO2_V6\rtl\parallel2byte_bb.v -lib work C:\Users\matas\Documents\GitHub\Tegra_dual_camera\FPGA\Parallel2CSI2_YUV422_8bit_1lane_XO2_V6\rtl\astrohn_astir2.v 
rc:0 success:1 runtime:1
file:C:\Users\matas\Documents\GitHub\Tegra_dual_camera\FPGA\Parallel2CSI2_YUV422_8bit_1lane_XO2_V6\impl\Parallel2CSI2\synwork\Parallel2CSI2_Parallel2CSI2_comp.srs|io:o|time:1518905921|size:34140|exec:0
file:C:\Users\matas\Documents\GitHub\Tegra_dual_camera\FPGA\Parallel2CSI2_YUV422_8bit_1lane_XO2_V6\impl\Parallel2CSI2\synlog\Parallel2CSI2_Parallel2CSI2_compiler.srr|io:o|time:1518905921|size:22472|exec:0
file:D:\FPGA\Lattice\diamond\3.8_x64\synpbase\lib\lucent\machxo2.v|io:i|time:1467755626|size:54295|exec:0
file:D:\FPGA\Lattice\diamond\3.8_x64\synpbase\lib\lucent\pmi_def.v|io:i|time:1467755626|size:40584|exec:0
file:C:\Users\matas\Documents\GitHub\Tegra_dual_camera\FPGA\Parallel2CSI2_YUV422_8bit_1lane_XO2_V6\rtl\compiler_directives.v|io:i|time:1436175756|size:3240|exec:0
file:C:\Users\matas\Documents\GitHub\Tegra_dual_camera\FPGA\Parallel2CSI2_YUV422_8bit_1lane_XO2_V6\rtl\top.v|io:i|time:1518905907|size:15713|exec:0
file:C:\Users\matas\Documents\GitHub\Tegra_dual_camera\FPGA\Parallel2CSI2_YUV422_8bit_1lane_XO2_V6\rtl\IPExpress\pll_pix2byte_YUV422_8bit_1lane.v|io:i|time:1518905785|size:4951|exec:0
file:C:\Users\matas\Documents\GitHub\Tegra_dual_camera\FPGA\Parallel2CSI2_YUV422_8bit_1lane_XO2_V6\rtl\DPHY_TX_INST.v|io:i|time:1436175756|size:10785|exec:0
file:C:\Users\matas\Documents\GitHub\Tegra_dual_camera\FPGA\Parallel2CSI2_YUV422_8bit_1lane_XO2_V6\rtl\IO_Controller_TX.v|io:i|time:1436175756|size:4422|exec:0
file:C:\Users\matas\Documents\GitHub\Tegra_dual_camera\FPGA\Parallel2CSI2_YUV422_8bit_1lane_XO2_V6\rtl\oDDRx4.v|io:i|time:1436175756|size:5998|exec:0
file:C:\Users\matas\Documents\GitHub\Tegra_dual_camera\FPGA\Parallel2CSI2_YUV422_8bit_1lane_XO2_V6\rtl\colorbar_gen.v|io:i|time:1436175756|size:5309|exec:0
file:C:\Users\matas\Documents\GitHub\Tegra_dual_camera\FPGA\Parallel2CSI2_YUV422_8bit_1lane_XO2_V6\rtl\LP_HS_dly_ctrl.v|io:i|time:1518855879|size:8005|exec:0
file:C:\Users\matas\Documents\GitHub\Tegra_dual_camera\FPGA\Parallel2CSI2_YUV422_8bit_1lane_XO2_V6\rtl\BYTE_PACKETIZER.v|io:i|time:1518903750|size:6920|exec:0
file:C:\Users\matas\Documents\GitHub\Tegra_dual_camera\FPGA\Parallel2CSI2_YUV422_8bit_1lane_XO2_V6\rtl\crc16_1lane_bb.v|io:i|time:1436175756|size:2391|exec:0
file:C:\Users\matas\Documents\GitHub\Tegra_dual_camera\FPGA\Parallel2CSI2_YUV422_8bit_1lane_XO2_V6\rtl\packetheader_bb.v|io:i|time:1436175756|size:2750|exec:0
file:C:\Users\matas\Documents\GitHub\Tegra_dual_camera\FPGA\Parallel2CSI2_YUV422_8bit_1lane_XO2_V6\rtl\parallel2byte_bb.v|io:i|time:1518904007|size:2910|exec:0
file:C:\Users\matas\Documents\GitHub\Tegra_dual_camera\FPGA\Parallel2CSI2_YUV422_8bit_1lane_XO2_V6\rtl\astrohn_astir2.v|io:i|time:1518418039|size:1601|exec:0
file:D:\FPGA\Lattice\diamond\3.8_x64\synpbase\bin\c_hdl.exe|io:i|time:1467755624|size:1320448|exec:1
file:D:\FPGA\Lattice\diamond\3.8_x64\synpbase\bin64\c_hdl.exe|io:i|time:1467755824|size:1950208|exec:1
